[debug] > Exec(early(addDefaultCommands), None, None)
[debug] > Exec(addDefaultCommands, None, None)
[debug] > Exec(early(initialize), None, None)
[debug] > Exec(initialize, None, None)
[debug] > Exec(boot, None, None)
[debug] > Exec(writeSbtVersion, None, None)
[warn] No sbt.version set in project/build.properties, base directory: /Users/yoojaeyoon/Desktop/Achieve/project
[debug] > Exec(reload, None, None)
[debug] > Exec(sbtStashOnFailure, None, None)
[debug] > Exec(onFailure loadFailed, None, None)
[debug] > Exec(loadp, None, None)
[info] welcome to sbt 1.8.0 (Oracle Corporation Java 17.0.8)
[debug] Load.defaultLoad until apply took 35.862916ms
[debug]     Load.loadUnit: plugins took 47.643083ms
[debug]     Load.loadUnit: defsScala took 0.141667ms
[debug] [Loading] Scanning directory /Users/yoojaeyoon/Desktop/Achieve/project
[debug] [Loading] Found non-root projects 
[debug] [Loading] Done in /Users/yoojaeyoon/Desktop/Achieve/project, returning: ()
[debug] deducing auto plugins based on known facts Set(Atom(sbt.plugins.CorePlugin)) and clauses Clauses(Clause(Atom(sbt.plugins.JvmPlugin),Set(Atom(sbt.plugins.IvyPlugin)))
[debug] Clause(Atom(sbt.ScriptedPlugin),Set(Atom(sbt.plugins.JvmPlugin)))
[debug] Clause(Atom(sbt.plugins.SbtPlugin),Set(Atom(sbt.ScriptedPlugin)))
[debug] Clause(Atom(sbt.plugins.SemanticdbPlugin),Set(Atom(sbt.plugins.JvmPlugin)))
[debug] Clause(Atom(sbt.plugins.JUnitXmlReportPlugin),Set(Atom(sbt.plugins.JvmPlugin)))
[debug] Clause(Atom(sbt.plugins.MiniDependencyTreePlugin),Set(Atom(sbt.plugins.JvmPlugin)))
[debug] Clause(Atom(sbt.plugins.CorePlugin),Set(Atom(sbt.plugins.IvyPlugin)))
[debug] Clause(Atom(sbt.plugins.IvyPlugin),Set(Atom(sbt.plugins.JvmPlugin)))
[debug] Clause(Atom(sbt.plugins.JvmPlugin),Set(Atom(sbt.plugins.SemanticdbPlugin)))
[debug] Clause(Atom(sbt.plugins.JvmPlugin),Set(Atom(sbt.plugins.JUnitXmlReportPlugin)))
[debug] Clause(Atom(sbt.plugins.CorePlugin),Set(Atom(sbt.plugins.Giter8TemplatePlugin)))
[debug] Clause(Atom(sbt.plugins.JvmPlugin),Set(Atom(sbt.plugins.MiniDependencyTreePlugin))))
[debug]   :: deduced result: Matched(sbt.plugins.CorePlugin,sbt.plugins.Giter8TemplatePlugin,sbt.plugins.IvyPlugin,sbt.plugins.JvmPlugin,sbt.plugins.MiniDependencyTreePlugin,sbt.plugins.JUnitXmlReportPlugin,sbt.plugins.SemanticdbPlugin)
[debug] Plugins.deducer#function took 9.341667 ms
[debug]         Load.resolveProject(project) took 29.656375ms
[debug]       Load.loadTransitive: finalizeProject(Project(id project, base: /Users/yoojaeyoon/Desktop/Achieve/project, plugins: List(<none>))) took 53.349917ms
[debug] [Loading] Done in /Users/yoojaeyoon/Desktop/Achieve/project, returning: (project)
[debug]     Load.loadUnit: loadedProjectsRaw took 73.441792ms
[debug]     Load.loadUnit: cleanEvalClasses took 0.230333ms
[debug]   Load.loadUnit(file:/Users/yoojaeyoon/Desktop/Achieve/project/, ...) took 128.34375ms
[debug] Load.apply: load took 627.948792ms
[debug] Load.apply: resolveProjects took 8.372667ms
[debug] Load.apply: finalTransforms took 90.615583ms
[debug] Load.apply: config.delegates took 17.188417ms
[debug] Load.apply: Def.make(settings)... took 450.38275ms
[debug] Load.apply: structureIndex took 92.20725ms
[debug] Load.apply: mkStreams took 1.598125ms
[info] set current project to project (in build file:/Users/yoojaeyoon/Desktop/Achieve/project/)
[debug] > Exec(sbtPopOnFailure, None, None)
[debug] > Exec(resumeFromFailure, None, None)
[debug] > Exec(notifyUsersAboutShell, None, None)
[debug] > Exec(iflast shell, None, None)
[debug] > Exec(shell, None, None)
[info] sbt server started at local:///Users/yoojaeyoon/.sbt/1.0/server/f90972fa8fe52312fa5e/sock
[debug] Writing bsp connection file
[info] started sbt server
